2024-09-14 21:29:12 Arduino IDE 2.3.2
2024-09-14 21:29:12 Checking for frontend application configuration customizations. Module path: /nix/store/727spq9qngdsfihfa3g0nl8hi4sl1c8h-arduino-ide-2.3.2-extracted/resources/app/lib/backend/electron-main.js, destination 'package.json': /nix/store/727spq9qngdsfihfa3g0nl8hi4sl1c8h-arduino-ide-2.3.2-extracted/resources/app/package.json
2024-09-14 21:29:12 Setting 'theia.frontend.config.appVersion' application configuration value to: "2.3.2" (type of string)
2024-09-14 21:29:12 Setting 'theia.frontend.config.cliVersion' application configuration value to: "0.35.3" (type of string)
2024-09-14 21:29:12 Setting 'theia.frontend.config.buildDate' application configuration value to: "2024-02-20T09:54:08.669Z" (type of string)
2024-09-14 21:29:12 Frontend application configuration after modifications: {"applicationName":"Arduino IDE","defaultTheme":{"light":"arduino-theme","dark":"arduino-theme-dark"},"defaultIconTheme":"none","electron":{"windowOptions":{}},"defaultLocale":"","validatePreferencesSchema":false,"preferences":{"window.title":"${rootName}${activeEditorShort}${appName}","files.autoSave":"afterDelay","editor.minimap.enabled":false,"editor.tabSize":2,"editor.scrollBeyondLastLine":false,"editor.quickSuggestions":{"other":false,"comments":false,"strings":false},"editor.maxTokenizationLineLength":500,"editor.bracketPairColorization.enabled":false,"breadcrumbs.enabled":false,"workbench.tree.renderIndentGuides":"none","explorer.compactFolders":false},"appVersion":"2.3.2","cliVersion":"0.35.3","buildDate":"2024-02-20T09:54:08.669Z"}
2024-09-14 21:29:12 Starting backend process. PID: 93663
2024-09-14 21:29:13 Using browser-only version of superagent in non-browser environment
2024-09-14 21:29:13 Configuration directory URI: 'file:///home/javier/.arduinoIDE'
2024-09-14 21:29:13 Configuring to accept webviews on '^.+\.webview\..+$' hostname.
2024-09-14 21:29:13 2024-09-15T02:29:13.420Z root INFO Backend Object.initialize: 12.3 ms [Finished 0.482 s after backend start]
2024-09-14 21:29:13 2024-09-15T02:29:13.422Z root INFO Backend Object.configure: 11.7 ms [Finished 0.482 s after backend start]
2024-09-14 21:29:13 2024-09-15T02:29:13.422Z root INFO Backend s.onStart: 1.7 ms [Finished 0.482 s after backend start]
2024-09-14 21:29:13 2024-09-15T02:29:13.422Z root INFO Backend s.configure: 0.4 ms [Finished 0.505 s after backend start]
2024-09-14 21:29:13 2024-09-15T02:29:13.423Z root INFO Backend d.onStart: 0.3 ms [Finished 0.505 s after backend start]
2024-09-14 21:29:13 2024-09-15T02:29:13.424Z root INFO Backend d.configure: 0.1 ms [Finished 0.505 s after backend start]
2024-09-14 21:29:13 2024-09-15T02:29:13.424Z root INFO Backend d.initialize: 22.7 ms [Finished 0.505 s after backend start]
2024-09-14 21:29:13 2024-09-15T02:29:13.424Z root INFO Backend c.onStart: 0.3 ms [Finished 0.505 s after backend start]
2024-09-14 21:29:13 2024-09-15T02:29:13.425Z root INFO Backend a.configure: 1.8 ms [Finished 0.507 s after backend start]
2024-09-14 21:29:13 2024-09-15T02:29:13.426Z config INFO >>> Initializing CLI configuration...
2024-09-14 21:29:13 2024-09-15T02:29:13.426Z root INFO Backend c.initialize: 0.6 ms [Finished 0.507 s after backend start]
2024-09-14 21:29:13 2024-09-15T02:29:13.426Z root INFO Backend R.onStart: 0.6 ms [Finished 0.508 s after backend start]
2024-09-14 21:29:13 2024-09-15T02:29:13.426Z config INFO Loading CLI configuration from /home/javier/.arduinoIDE/arduino-cli.yaml...
2024-09-14 21:29:13 2024-09-15T02:29:13.427Z daemon INFO Starting daemon from /nix/store/727spq9qngdsfihfa3g0nl8hi4sl1c8h-arduino-ide-2.3.2-extracted/resources/app/lib/backend/resources/arduino-cli...
2024-09-14 21:29:13 2024-09-15T02:29:13.427Z root INFO Backend a.initialize: 0.4 ms [Finished 0.508 s after backend start]
2024-09-14 21:29:13 2024-09-15T02:29:13.427Z root INFO Backend w.onStart: 0.8 ms [Finished 0.509 s after backend start]
2024-09-14 21:29:13 2024-09-15T02:29:13.427Z root INFO Backend r.configure: 1.3 ms [Finished 0.509 s after backend start]
2024-09-14 21:29:13 2024-09-15T02:29:13.427Z discovery-log INFO start
2024-09-14 21:29:13 2024-09-15T02:29:13.427Z discovery-log INFO start new deferred
2024-09-14 21:29:13 2024-09-15T02:29:13.427Z root INFO Backend d.initialize: 0.3 ms [Finished 0.509 s after backend start]
2024-09-14 21:29:13 2024-09-15T02:29:13.427Z root INFO Backend y.onStart: 1.4 ms [Finished 0.511 s after backend start]
2024-09-14 21:29:13 2024-09-15T02:29:13.427Z root INFO Backend r.configure: 1.3 ms [Finished 0.511 s after backend start]
2024-09-14 21:29:13 2024-09-15T02:29:13.427Z root INFO Backend a.onStart: 0.4 ms [Finished 0.512 s after backend start]
2024-09-14 21:29:13 2024-09-15T02:29:13.427Z root INFO Backend h.configure: 0.3 ms [Finished 0.512 s after backend start]
2024-09-14 21:29:13 2024-09-15T02:29:13.427Z root INFO Backend s.configure: 0.1 ms [Finished 0.512 s after backend start]
2024-09-14 21:29:13 2024-09-15T02:29:13.427Z root INFO Backend l.configure: 0.1 ms [Finished 0.512 s after backend start]
2024-09-14 21:29:13 2024-09-15T02:29:13.429Z root INFO Theia app listening on http://127.0.0.1:33467.
2024-09-14 21:29:13 2024-09-15T02:29:13.429Z root INFO Finished starting backend application: 1.8 ms [Finished 0.513 s after backend start]
2024-09-14 21:29:13 Error: node-loader:
Error: libxkbfile.so.1: cannot open shared object file: No such file or directory
    at 82973 (/nix/store/727spq9qngdsfihfa3g0nl8hi4sl1c8h-arduino-ide-2.3.2-extracted/resources/app/lib/backend/electron-main.js:2:4893)
    at __webpack_require__ (/nix/store/727spq9qngdsfihfa3g0nl8hi4sl1c8h-arduino-ide-2.3.2-extracted/resources/app/lib/backend/electron-main.js:8:3181307)
    at o._init (/nix/store/727spq9qngdsfihfa3g0nl8hi4sl1c8h-arduino-ide-2.3.2-extracted/resources/app/lib/backend/electron-main.js:8:1056504)
    at o.onDidChangeKeyboardLayout (/nix/store/727spq9qngdsfihfa3g0nl8hi4sl1c8h-arduino-ide-2.3.2-extracted/resources/app/lib/backend/electron-main.js:8:1056854)
    at t.onDidChangeKeyboardLayout (/nix/store/727spq9qngdsfihfa3g0nl8hi4sl1c8h-arduino-ide-2.3.2-extracted/resources/app/lib/backend/electron-main.js:8:1057232)
    at a.onStart (/nix/store/727spq9qngdsfihfa3g0nl8hi4sl1c8h-arduino-ide-2.3.2-extracted/resources/app/lib/backend/electron-main.js:2:1038270)
    at M.startContributions (/nix/store/727spq9qngdsfihfa3g0nl8hi4sl1c8h-arduino-ide-2.3.2-extracted/resources/app/lib/backend/electron-main.js:2:1051192)
    at M.start (/nix/store/727spq9qngdsfihfa3g0nl8hi4sl1c8h-arduino-ide-2.3.2-extracted/resources/app/lib/backend/electron-main.js:2:62488)
    at process.processTicksAndRejections (node:internal/process/task_queues:95:5)
    at async /nix/store/727spq9qngdsfihfa3g0nl8hi4sl1c8h-arduino-ide-2.3.2-extracted/resources/app/lib/backend/electron-main.js:2:681347
2024-09-14 21:29:13 2024-09-15T02:29:13.451Z root WARN The local plugin referenced by local-dir:/home/javier/.arduinoIDE/plugins does not exist.
2024-09-14 21:29:13 2024-09-15T02:29:13.451Z root WARN The local plugin referenced by local-dir:/home/javier/.arduinoIDE/extensions does not exist.
2024-09-14 21:29:13 2024-09-15T02:29:13.476Z root INFO Resolve plugins list: 49.8 ms [Finished 0.561 s after backend start]
2024-09-14 21:29:13 2024-09-15T02:29:13.532Z daemon INFO time="2024-09-14T21:29:13-05:00" level=info msg="Config file not found, using default values"
time="2024-09-14T21:29:13-05:00" level=info msg="arduino-cli version 0.35.3"
time="2024-09-14T21:29:13-05:00" level=info msg="Executing `arduino-cli daemon`"
2024-09-14 21:29:13 2024-09-15T02:29:13.543Z daemon INFO Daemon is now listening on 127.0.0.1:38309
{"IP":"127.0.0.1","Port":"38309"}
2024-09-14 21:29:13 2024-09-15T02:29:13.543Z daemon INFO Daemon is running.
2024-09-14 21:29:13 2024-09-15T02:29:13.558Z config INFO Loading CLI configuration from /home/javier/.arduinoIDE/arduino-cli.yaml...
2024-09-14 21:29:13 2024-09-15T02:29:13.604Z config INFO Loaded CLI configuration: {"board_manager":{"additional_urls":[]},"build_cache":{"compilations_before_purge":10,"ttl":"720h0m0s"},"daemon":{"port":"50051"},"directories":{"data":"/home/javier/.arduino15","downloads":"/home/javier/.arduino15/staging","user":"/home/javier/Arduino"},"library":{"enable_unsafe_install":false},"logging":{"file":"","format":"text","level":"info"},"metrics":{"addr":":9090","enabled":true},"output":{"no_color":false},"sketch":{"always_export_binaries":false},"updater":{"enable_notification":true}}
2024-09-14 21:29:13 2024-09-15T02:29:13.604Z config INFO 'directories.data' and 'directories.user' are set in the CLI configuration model.
2024-09-14 21:29:13 2024-09-15T02:29:13.604Z config INFO Loaded the CLI configuration.
2024-09-14 21:29:13 2024-09-15T02:29:13.608Z config INFO Mapped the CLI configuration: {"dataDirUri":"file:///home/javier/.arduino15","sketchDirUri":"file:///home/javier/Arduino","additionalUrls":[],"network":"none","locale":"en"}
2024-09-14 21:29:13 2024-09-15T02:29:13.608Z config INFO Validating the CLI configuration...
2024-09-14 21:29:13 2024-09-15T02:29:13.610Z config INFO The CLI config is valid.
2024-09-14 21:29:13 2024-09-15T02:29:13.610Z config INFO <<< Initialized the CLI configuration.
2024-09-14 21:29:13 2024-09-15T02:29:13.612Z daemon INFO time="2024-09-14T21:29:13-05:00" level=info msg="Updating libraries index"
time="2024-09-14T21:29:13-05:00" level=info msg="Starting download" url="https://downloads.arduino.cc/libraries/library_index.tar.bz2"
2024-09-14 21:29:14 2024-09-15T02:29:14.243Z root INFO Deploy plugins list: 49.8 ms [Finished 1.328 s after backend start]
2024-09-14 21:29:14 Opening channel for service path '/services/electron-window'.
2024-09-14 21:29:14 Opening channel for service path '/services/ide-updater'.
2024-09-14 21:29:15 2024-09-15T02:29:15.051Z root WARN Frontend a.configure took longer than the expected maximum 100 milliseconds: 226.1 ms [Finished 1.428 s after frontend start]
2024-09-14 21:29:15 2024-09-15T02:29:15.052Z root WARN A command editor.action.toggleStickyScroll is already registered.
2024-09-14 21:29:15 2024-09-15T02:29:15.052Z root ERROR Error: node-loader:
Error: libxkbfile.so.1: cannot open shared object file: No such file or directory
    at 82973 (/nix/store/727spq9qngdsfihfa3g0nl8hi4sl1c8h-arduino-ide-2.3.2-extracted/resources/app/lib/backend/main.js:2:2625)
    at __webpack_require__ (/nix/store/727spq9qngdsfihfa3g0nl8hi4sl1c8h-arduino-ide-2.3.2-extracted/resources/app/lib/backend/main.js:2:6343695)
    at r._init (/nix/store/727spq9qngdsfihfa3g0nl8hi4sl1c8h-arduino-ide-2.3.2-extracted/resources/app/lib/backend/main.js:2:3129843)
    at r.getCurrentKeyboardLayout (/nix/store/727spq9qngdsfihfa3g0nl8hi4sl1c8h-arduino-ide-2.3.2-extracted/resources/app/lib/backend/main.js:2:3130042)
    at t.getCurrentKeyboardLayout (/nix/store/727spq9qngdsfihfa3g0nl8hi4sl1c8h-arduino-ide-2.3.2-extracted/resources/app/lib/backend/main.js:2:3130449)
    at s.getNativeLayoutSync (/nix/store/727spq9qngdsfihfa3g0nl8hi4sl1c8h-arduino-ide-2.3.2-extracted/resources/app/lib/backend/main.js:2:1155557)
    at s.getNativeLayout (/nix/store/727spq9qngdsfihfa3g0nl8hi4sl1c8h-arduino-ide-2.3.2-extracted/resources/app/lib/backend/main.js:2:1155498)
    at u.onRequest (/nix/store/727spq9qngdsfihfa3g0nl8hi4sl1c8h-arduino-ide-2.3.2-extracted/resources/app/lib/backend/main.js:2:1106909)
    at c.requestHandler (/nix/store/727spq9qngdsfihfa3g0nl8hi4sl1c8h-arduino-ide-2.3.2-extracted/resources/app/lib/backend/main.js:2:1106728)
    at c.handleRequest (/nix/store/727spq9qngdsfihfa3g0nl8hi4sl1c8h-arduino-ide-2.3.2-extracted/resources/app/lib/backend/main.js:2:1097795)
2024-09-14 21:29:15 2024-09-15T02:29:15.052Z root ERROR TypeError: Cannot read properties of null (reading 'getKeyMap')
    at r.getKeyMap (/nix/store/727spq9qngdsfihfa3g0nl8hi4sl1c8h-arduino-ide-2.3.2-extracted/resources/app/lib/backend/main.js:2:3129928)
    at t.getKeyMap (/nix/store/727spq9qngdsfihfa3g0nl8hi4sl1c8h-arduino-ide-2.3.2-extracted/resources/app/lib/backend/main.js:2:3130509)
    at s.getNativeLayoutSync (/nix/store/727spq9qngdsfihfa3g0nl8hi4sl1c8h-arduino-ide-2.3.2-extracted/resources/app/lib/backend/main.js:2:1155594)
    at s.getNativeLayout (/nix/store/727spq9qngdsfihfa3g0nl8hi4sl1c8h-arduino-ide-2.3.2-extracted/resources/app/lib/backend/main.js:2:1155498)
    at u.onRequest (/nix/store/727spq9qngdsfihfa3g0nl8hi4sl1c8h-arduino-ide-2.3.2-extracted/resources/app/lib/backend/main.js:2:1106909)
    at c.requestHandler (/nix/store/727spq9qngdsfihfa3g0nl8hi4sl1c8h-arduino-ide-2.3.2-extracted/resources/app/lib/backend/main.js:2:1106728)
    at c.handleRequest (/nix/store/727spq9qngdsfihfa3g0nl8hi4sl1c8h-arduino-ide-2.3.2-extracted/resources/app/lib/backend/main.js:2:1097795)
    at c.handleMessage (/nix/store/727spq9qngdsfihfa3g0nl8hi4sl1c8h-arduino-ide-2.3.2-extracted/resources/app/lib/backend/main.js:2:1096046)
    at /nix/store/727spq9qngdsfihfa3g0nl8hi4sl1c8h-arduino-ide-2.3.2-extracted/resources/app/lib/backend/main.js:2:1095619
    at /nix/store/727spq9qngdsfihfa3g0nl8hi4sl1c8h-arduino-ide-2.3.2-extracted/resources/app/lib/backend/main.js:2:1062669
2024-09-14 21:29:16 2024-09-15T02:29:16.276Z daemon INFO time="2024-09-14T21:29:16-05:00" level=info msg="Updating index" url="https://downloads.arduino.cc/packages/package_index.tar.bz2"
2024-09-14 21:29:16 2024-09-15T02:29:16.276Z daemon INFO time="2024-09-14T21:29:16-05:00" level=info msg="Starting download" url="https://downloads.arduino.cc/packages/package_index.tar.bz2"
2024-09-14 21:29:16 2024-09-15T02:29:16.658Z daemon INFO time="2024-09-14T21:29:16-05:00" level=info msg="Checking signature" index=/home/javier/.arduino15/package_index.json signatureFile=/home/javier/.arduino15/package_index.json.sig trusted=true
2024-09-14 21:29:16 2024-09-15T02:29:16.659Z daemon INFO time="2024-09-14T21:29:16-05:00" level=info msg="Loading hardware from: /home/javier/.arduino15/packages"
2024-09-14 21:29:16 2024-09-15T02:29:16.659Z daemon INFO time="2024-09-14T21:29:16-05:00" level=info msg="Starting download" url="https://downloads.arduino.cc/tools/ctags-5.8-arduino11-pm-x86_64-pc-linux-gnu.tar.bz2"
2024-09-14 21:29:16 2024-09-15T02:29:16.927Z daemon INFO time="2024-09-14T21:29:16-05:00" level=info msg="Installing tool" Tool="builtin:ctags@5.8-arduino11"
2024-09-14 21:29:16 2024-09-15T02:29:16.952Z daemon INFO time="2024-09-14T21:29:16-05:00" level=info msg="Skipping tool configuration." Tool="builtin:ctags@5.8-arduino11"
time="2024-09-14T21:29:16-05:00" level=info msg="Tool installed" Tool="builtin:ctags@5.8-arduino11"
time="2024-09-14T21:29:16-05:00" level=info msg="Starting download" url="https://downloads.arduino.cc/discovery/dfu-discovery/dfu-discovery_v0.1.2_Linux_64bit.tar.gz"
2024-09-14 21:29:18 2024-09-15T02:29:18.019Z daemon INFO time="2024-09-14T21:29:18-05:00" level=info msg="Installing tool" Tool="builtin:dfu-discovery@0.1.2"
2024-09-14 21:29:18 2024-09-15T02:29:18.042Z daemon INFO time="2024-09-14T21:29:18-05:00" level=info msg="Skipping tool configuration." Tool="builtin:dfu-discovery@0.1.2"
time="2024-09-14T21:29:18-05:00" level=info msg="Tool installed" Tool="builtin:dfu-discovery@0.1.2"
time="2024-09-14T21:29:18-05:00" level=info msg="Starting download" url="https://downloads.arduino.cc/discovery/mdns-discovery/mdns-discovery_v1.0.9_Linux_64bit.tar.gz"
2024-09-14 21:29:18 2024-09-15T02:29:18.833Z daemon INFO time="2024-09-14T21:29:18-05:00" level=info msg="Installing tool" Tool="builtin:mdns-discovery@1.0.9"
2024-09-14 21:29:18 2024-09-15T02:29:18.867Z daemon INFO time="2024-09-14T21:29:18-05:00" level=info msg="Skipping tool configuration." Tool="builtin:mdns-discovery@1.0.9"
time="2024-09-14T21:29:18-05:00" level=info msg="Tool installed" Tool="builtin:mdns-discovery@1.0.9"
time="2024-09-14T21:29:18-05:00" level=info msg="Starting download" url="https://downloads.arduino.cc/discovery/serial-discovery/serial-discovery_v1.4.1_Linux_64bit.tar.gz"
2024-09-14 21:29:19 2024-09-15T02:29:19.557Z daemon INFO time="2024-09-14T21:29:19-05:00" level=info msg="Installing tool" Tool="builtin:serial-discovery@1.4.1"
2024-09-14 21:29:19 2024-09-15T02:29:19.579Z daemon INFO time="2024-09-14T21:29:19-05:00" level=info msg="Skipping tool configuration." Tool="builtin:serial-discovery@1.4.1"
time="2024-09-14T21:29:19-05:00" level=info msg="Tool installed" Tool="builtin:serial-discovery@1.4.1"
time="2024-09-14T21:29:19-05:00" level=info msg="Starting download" url="https://downloads.arduino.cc/monitor/serial-monitor/serial-monitor_v0.14.1_Linux_64bit.tar.gz"
2024-09-14 21:29:20 2024-09-15T02:29:20.568Z daemon INFO time="2024-09-14T21:29:20-05:00" level=info msg="Installing tool" Tool="builtin:serial-monitor@0.14.1"
2024-09-14 21:29:20 2024-09-15T02:29:20.596Z daemon INFO time="2024-09-14T21:29:20-05:00" level=info msg="Skipping tool configuration." Tool="builtin:serial-monitor@0.14.1"
time="2024-09-14T21:29:20-05:00" level=info msg="Tool installed" Tool="builtin:serial-monitor@0.14.1"
time="2024-09-14T21:29:20-05:00" level=info msg="Loading tools from dir: /home/javier/.arduino15/packages/builtin/tools"
2024-09-14 21:29:20 2024-09-15T02:29:20.596Z daemon INFO time="2024-09-14T21:29:20-05:00" level=info msg="Loaded tool" tool="builtin:ctags@5.8-arduino11"
time="2024-09-14T21:29:20-05:00" level=info msg="Loaded tool" tool="builtin:dfu-discovery@0.1.2"
time="2024-09-14T21:29:20-05:00" level=info msg="Loaded tool" tool="builtin:mdns-discovery@1.0.9"
time="2024-09-14T21:29:20-05:00" level=info msg="Loaded tool" tool="builtin:serial-discovery@1.4.1"
time="2024-09-14T21:29:20-05:00" level=info msg="Loaded tool" tool="builtin:serial-monitor@0.14.1"
time="2024-09-14T21:29:20-05:00" level=info msg="Loading libraries index file" index=/home/javier/.arduino15/library_index.json
2024-09-14 21:29:20 2024-09-15T02:29:20.819Z daemon INFO time="2024-09-14T21:29:20-05:00" level=info msg="Adding libraries dir" dir=/home/javier/.arduino15/libraries location=ide
time="2024-09-14T21:29:20-05:00" level=info msg="Adding libraries dir" dir=/home/javier/Arduino/libraries location=user
2024-09-14 21:29:20 2024-09-15T02:29:20.823Z discovery-log INFO start resolved watching
2024-09-14 21:29:20 2024-09-15T02:29:20.824Z daemon INFO time="2024-09-14T21:29:20-05:00" level=info msg="starting discovery builtin:mdns-discovery process"
2024-09-14 21:29:20 2024-09-15T02:29:20.824Z daemon INFO time="2024-09-14T21:29:20-05:00" level=info msg="starting discovery builtin:serial-discovery process"
2024-09-14 21:29:20 2024-09-15T02:29:20.825Z daemon INFO time="2024-09-14T21:29:20-05:00" level=info msg="started discovery builtin:serial-discovery process"
time="2024-09-14T21:29:20-05:00" level=info msg="sending command HELLO 1 \"arduino-cli 0.35.3\" to discovery builtin:serial-discovery"
time="2024-09-14T21:29:20-05:00" level=info msg="started discovery builtin:mdns-discovery process"
time="2024-09-14T21:29:20-05:00" level=info msg="sending command HELLO 1 \"arduino-cli 0.35.3\" to discovery builtin:mdns-discovery"
2024-09-14 21:29:20 2024-09-15T02:29:20.826Z daemon INFO time="2024-09-14T21:29:20-05:00" level=info msg="from discovery builtin:serial-discovery received message type: hello, message: OK, protocol version: 1"
time="2024-09-14T21:29:20-05:00" level=info msg="sending command START_SYNC to discovery builtin:serial-discovery"
2024-09-14 21:29:20 2024-09-15T02:29:20.827Z daemon INFO time="2024-09-14T21:29:20-05:00" level=info msg="from discovery builtin:mdns-discovery received message type: hello, message: OK, protocol version: 1"
time="2024-09-14T21:29:20-05:00" level=info msg="sending command START_SYNC to discovery builtin:mdns-discovery"
time="2024-09-14T21:29:20-05:00" level=info msg="from discovery builtin:serial-discovery received message type: start_sync, message: OK"
time="2024-09-14T21:29:20-05:00" level=info msg="from discovery builtin:mdns-discovery received message type: start_sync, message: OK"
2024-09-14 21:29:20 2024-09-15T02:29:20.842Z root WARN Frontend c.onStart took longer than the expected maximum 100 milliseconds: 5694.4 ms [Finished 7.239 s after frontend start]
2024-09-14 21:29:20 2024-09-15T02:29:20.875Z root INFO Start frontend contributions: 6122.0 ms [Finished 7.247 s after frontend start]
2024-09-14 21:29:20 2024-09-15T02:29:20.877Z root INFO Changed application state from 'init' to 'started_contributions'.
2024-09-14 21:29:24 2024-09-15T02:29:20.888Z root INFO Changed application state from 'started_contributions' to 'attached_shell'.
2024-09-14 21:29:24 2024-09-15T02:29:20.888Z root INFO >>> Restoring the layout state...
2024-09-14 21:29:24 2024-09-15T02:29:20.888Z root INFO <<< Nothing to restore.
2024-09-14 21:29:24 2024-09-15T02:29:20.922Z root INFO Initialize the workbench layout: 26.4 ms [Finished 7.314 s after frontend start]
2024-09-14 21:29:24 2024-09-15T02:29:20.939Z root INFO Changed application state from 'attached_shell' to 'initialized_layout'.
2024-09-14 21:29:24 2024-09-15T02:29:20.967Z root INFO [115fe44b-44b7-4eab-ad6a-8167bec6e7b2] Waiting for backend deployment: 120.6 ms [Finished 7.362 s after frontend start]
2024-09-14 21:29:24 2024-09-15T02:29:21.165Z root ERROR Request initAuthSession failed with error: The name org.freedesktop.secrets was not provided by any .service files Error: The name org.freedesktop.secrets was not provided by any .service files
2024-09-14 21:29:24 2024-09-15T02:29:21.502Z root INFO [hosted-plugin: 93841] PLUGIN_HOST(93841) starting instance
2024-09-14 21:29:24 2024-09-15T02:29:21.978Z root INFO [115fe44b-44b7-4eab-ad6a-8167bec6e7b2] Sync of 23 plugins: 989.8 ms [Finished 8.351 s after frontend start]
2024-09-14 21:29:24 2024-09-15T02:29:21.978Z root INFO [115fe44b-44b7-4eab-ad6a-8167bec6e7b2] Loading plugin contributions
2024-09-14 21:29:24 2024-09-15T02:29:21.978Z root INFO [115fe44b-44b7-4eab-ad6a-8167bec6e7b2] Load contributions of 23 plugins: 24.2 ms [Finished 8.376 s after frontend start]
2024-09-14 21:29:24 2024-09-15T02:29:22.127Z root WARN 'cpp' language is remapped from 'source.cpp.embedded.macro' to 'source.cpp' scope
2024-09-14 21:29:24 2024-09-15T02:29:22.127Z root WARN a registered grammar configuration for 'cpp' language is overridden
2024-09-14 21:29:24 2024-09-15T02:29:22.337Z root INFO Replace loading indicator with ready workbench UI (animation): 1198.8 ms [Finished 8.538 s after frontend start]
2024-09-14 21:29:24 2024-09-15T02:29:22.337Z root INFO Changed application state from 'initialized_layout' to 'ready'.
2024-09-14 21:29:24 2024-09-15T02:29:22.337Z root WARN Linked preference "workbench.colorCustomizations" not found.
2024-09-14 21:29:24 2024-09-15T02:29:22.339Z root INFO Frontend application start: 7269.4 ms [Finished 9.376 s after backend start]
2024-09-14 21:29:24 2024-09-15T02:29:22.786Z root ERROR ---- !!!SLOW!!! DURATION: search took 115.813 ms. Args: [{"query":"Arduino_BuiltIn"}] ----
2024-09-14 21:29:24 2024-09-15T02:29:22.794Z root INFO >>> Starting boards package installation... {
  id: 'arduino:avr',
  name: 'Arduino AVR Boards',
  author: 'Arduino',
  availableVersions: [
    '1.8.6',  '1.8.5',  '1.8.4',
    '1.8.3',  '1.8.2',  '1.8.1',
    '1.6.23', '1.6.22', '1.6.21',
    '1.6.20', '1.6.19', '1.6.18',
    '1.6.17', '1.6.16', '1.6.15',
    '1.6.14', '1.6.13', '1.6.12',
    '1.6.11', '1.6.10', '1.6.9',
    '1.6.8',  '1.6.7',  '1.6.6',
    '1.6.5',  '1.6.4',  '1.6.3',
    '1.6.2'
  ],
  description: 'Arduino Yún, Arduino UNO, Arduino UNO Mini, Arduino UNO WiFi, Arduino Diecimila, Arduino Nano, Arduino Mega, Arduino Mega ADK, Arduino Leonardo, Arduino Leonardo Ethernet, Arduino Micro, Arduino Esplora, Arduino Mini, Arduino Ethernet, Arduino Fio, Arduino BT, Arduino LilyPad USB, Arduino LilyPad, Arduino Pro, Arduino ATMegaNG, Arduino Robot Control, Arduino Robot Motor, Arduino Gemma, Adafruit Circuit Playground, Arduino Yún Mini, Arduino Industrial 101, Linino One',
  types: [ 'Arduino' ],
  deprecated: false,
  summary: 'Boards included in this package:',
  installedVersion: undefined,
  boards: [
    { name: 'Arduino Yún', fqbn: '' },
    { name: 'Arduino UNO', fqbn: '' },
    { name: 'Arduino UNO Mini', fqbn: '' },
    { name: 'Arduino UNO WiFi', fqbn: '' },
    { name: 'Arduino Diecimila', fqbn: '' },
    { name: 'Arduino Nano', fqbn: '' },
    { name: 'Arduino Mega', fqbn: '' },
    { name: 'Arduino Mega ADK', fqbn: '' },
    { name: 'Arduino Leonardo', fqbn: '' },
    { name: 'Arduino Leonardo Ethernet', fqbn: '' },
    { name: 'Arduino Micro', fqbn: '' },
    { name: 'Arduino Esplora', fqbn: '' },
    { name: 'Arduino Mini', fqbn: '' },
    { name: 'Arduino Ethernet', fqbn: '' },
    { name: 'Arduino Fio', fqbn: '' },
    { name: 'Arduino BT', fqbn: '' },
    { name: 'Arduino LilyPad USB', fqbn: '' },
    { name: 'Arduino LilyPad', fqbn: '' },
    { name: 'Arduino Pro', fqbn: '' },
    { name: 'Arduino ATMegaNG', fqbn: '' },
    { name: 'Arduino Robot Control', fqbn: '' },
    { name: 'Arduino Robot Motor', fqbn: '' },
    { name: 'Arduino Gemma', fqbn: '' },
    { name: 'Adafruit Circuit Playground', fqbn: '' },
    { name: 'Arduino Yún Mini', fqbn: '' },
    { name: 'Arduino Industrial 101', fqbn: '' },
    { name: 'Linino One', fqbn: '' }
  ],
  moreInfoLink: 'http://www.arduino.cc/',
  index: 0
}
2024-09-14 21:29:24 2024-09-15T02:29:22.795Z discovery-log INFO stop
2024-09-14 21:29:24 2024-09-15T02:29:22.795Z discovery-log INFO >>> Stopping boards watcher...
2024-09-14 21:29:24 2024-09-15T02:29:22.795Z discovery-log INFO Canceling boards watcher...
2024-09-14 21:29:24 2024-09-15T02:29:22.795Z discovery-log INFO disposing requesting cancel
2024-09-14 21:29:24 2024-09-15T02:29:22.795Z discovery-log INFO disposing canceled
2024-09-14 21:29:24 2024-09-15T02:29:22.796Z discovery-log INFO error received
2024-09-14 21:29:24 2024-09-15T02:29:22.796Z discovery-log INFO cancel error received!
2024-09-14 21:29:24 2024-09-15T02:29:22.796Z discovery-log INFO stop received event: either end or cancel
2024-09-14 21:29:24 2024-09-15T02:29:22.796Z discovery-log INFO stop stopped
2024-09-14 21:29:24 2024-09-15T02:29:22.796Z discovery-log INFO received end
2024-09-14 21:29:24 2024-09-15T02:29:22.798Z daemon INFO time="2024-09-14T21:29:22-05:00" level=info msg="Starting download" url="http://downloads.arduino.cc/tools/arduinoOTA-1.3.0-linux_amd64.tar.bz2"
2024-09-14 21:29:24 2024-09-15T02:29:22.846Z root ERROR [hosted-plugin: 93841] Conflict in settings file Default: Ignoring cortex-debug.armToolchainPath.linux as cortex-debug.armToolchainPath is null
2024-09-14 21:29:24 2024-09-15T02:29:22.846Z root ERROR [hosted-plugin: 93841] Conflict in settings file Default: Ignoring cortex-debug.armToolchainPath.osx as cortex-debug.armToolchainPath is null
Conflict in settings file Default: Ignoring cortex-debug.armToolchainPath.windows as cortex-debug.armToolchainPath is null
Conflict in settings file Default: Ignoring cortex-debug.JLinkGDBServerPath.linux as cortex-debug.JLinkGDBServerPath is null
Conflict in settings file Default: Ignoring cortex-debug.JLinkGDBServerPath.osx as cortex-debug.JLinkGDBServerPath is null
2024-09-14 21:29:24 2024-09-15T02:29:22.846Z root ERROR [hosted-plugin: 93841] Conflict in settings file Default: Ignoring cortex-debug.JLinkGDBServerPath.windows as cortex-debug.JLinkGDBServerPath is null
Conflict in settings file Default: Ignoring cortex-debug.openocdPath.linux as cortex-debug.openocdPath is null
2024-09-14 21:29:24 2024-09-15T02:29:22.846Z root ERROR [hosted-plugin: 93841] Conflict in settings file Default: Ignoring cortex-debug.openocdPath.osx as cortex-debug.openocdPath is null
2024-09-14 21:29:24 2024-09-15T02:29:22.846Z root ERROR [hosted-plugin: 93841] Conflict in settings file Default: Ignoring cortex-debug.openocdPath.windows as cortex-debug.openocdPath is null
2024-09-14 21:29:24 2024-09-15T02:29:22.846Z root ERROR [hosted-plugin: 93841] Conflict in settings file Default: Ignoring cortex-debug.pyocdPath.linux as cortex-debug.pyocdPath is null
2024-09-14 21:29:24 2024-09-15T02:29:22.846Z root ERROR [hosted-plugin: 93841] Conflict in settings file Default: Ignoring cortex-debug.pyocdPath.osx as cortex-debug.pyocdPath is null
Conflict in settings file Default: Ignoring cortex-debug.pyocdPath.windows as cortex-debug.pyocdPath is null
2024-09-14 21:29:24 2024-09-15T02:29:22.846Z root ERROR [hosted-plugin: 93841] Conflict in settings file Default: Ignoring cortex-debug.PEGDBServerPath.linux as cortex-debug.PEGDBServerPath is null
2024-09-14 21:29:24 2024-09-15T02:29:22.846Z root ERROR [hosted-plugin: 93841] Conflict in settings file Default: Ignoring cortex-debug.PEGDBServerPath.osx as cortex-debug.PEGDBServerPath is null
Conflict in settings file Default: Ignoring cortex-debug.PEGDBServerPath.windows as cortex-debug.PEGDBServerPath is null
Conflict in settings file Default: Ignoring cortex-debug.stutilPath.linux as cortex-debug.stutilPath is null
Conflict in settings file Default: Ignoring cortex-debug.stutilPath.osx as cortex-debug.stutilPath is null
2024-09-14 21:29:24 2024-09-15T02:29:22.846Z root ERROR [hosted-plugin: 93841] Conflict in settings file Default: Ignoring cortex-debug.stutilPath.windows as cortex-debug.stutilPath is null
Conflict in settings file Default: Ignoring cortex-debug.stlinkPath.linux as cortex-debug.stlinkPath is null
Conflict in settings file Default: Ignoring cortex-debug.stlinkPath.osx as cortex-debug.stlinkPath is null
Conflict in settings file Default: Ignoring cortex-debug.stlinkPath.windows as cortex-debug.stlinkPath is null
Conflict in settings file Default: Ignoring cortex-debug.stm32cubeprogrammer.linux as cortex-debug.stm32cubeprogrammer is null
Conflict in settings file Default: Ignoring cortex-debug.stm32cubeprogrammer.osx as cortex-debug.stm32cubeprogrammer is null
Conflict in settings file Default: Ignoring cortex-debug.stm32cubeprogrammer.windows as cortex-debug.stm32cubeprogrammer is null
2024-09-14 21:29:24 2024-09-15T02:29:22.855Z root INFO [hosted-plugin: 93841] PLUGIN_HOST(93841): PluginManagerExtImpl/init()
2024-09-14 21:29:24 2024-09-15T02:29:22.856Z root INFO [hosted-plugin: 93841] PLUGIN_HOST(93841): initializing(vscode-arduino-api@0.1.2 with /nix/store/727spq9qngdsfihfa3g0nl8hi4sl1c8h-arduino-ide-2.3.2-extracted/resources/app/lib/backend/plugin-vscode-init)
2024-09-14 21:29:24 2024-09-15T02:29:22.908Z root INFO [hosted-plugin: 93841] PLUGIN_HOST(93841): initializing(cortex-debug@1.5.1 with /nix/store/727spq9qngdsfihfa3g0nl8hi4sl1c8h-arduino-ide-2.3.2-extracted/resources/app/lib/backend/plugin-vscode-init)
2024-09-14 21:29:24 2024-09-15T02:29:22.908Z root INFO [hosted-plugin: 93841] Debugger contribution has been registered: cortex-debug
2024-09-14 21:29:24 2024-09-15T02:29:22.909Z root INFO [hosted-plugin: 93841] PLUGIN_HOST(93841): initializing(vscode-arduino-tools@0.1.3 with /nix/store/727spq9qngdsfihfa3g0nl8hi4sl1c8h-arduino-ide-2.3.2-extracted/resources/app/lib/backend/plugin-vscode-init)
2024-09-14 21:29:24 2024-09-15T02:29:22.910Z root INFO [hosted-plugin: 93841] PLUGIN_HOST(93841): initializing(cpp@1.52.1 with /nix/store/727spq9qngdsfihfa3g0nl8hi4sl1c8h-arduino-ide-2.3.2-extracted/resources/app/lib/backend/plugin-vscode-init)
2024-09-14 21:29:24 2024-09-15T02:29:22.910Z root INFO [hosted-plugin: 93841] PLUGIN_HOST(93841): initializing(json@1.46.1 with /nix/store/727spq9qngdsfihfa3g0nl8hi4sl1c8h-arduino-ide-2.3.2-extracted/resources/app/lib/backend/plugin-vscode-init)
2024-09-14 21:29:24 2024-09-15T02:29:22.912Z root INFO [hosted-plugin: 93841] PLUGIN_HOST(93841): initializing(json-language-features@1.46.1 with /nix/store/727spq9qngdsfihfa3g0nl8hi4sl1c8h-arduino-ide-2.3.2-extracted/resources/app/lib/backend/plugin-vscode-init)
2024-09-14 21:29:24 2024-09-15T02:29:22.912Z root INFO [hosted-plugin: 93841] PLUGIN_HOST(93841): initializing(vscode-language-pack-bg@1.48.3 with /nix/store/727spq9qngdsfihfa3g0nl8hi4sl1c8h-arduino-ide-2.3.2-extracted/resources/app/lib/backend/plugin-vscode-init)
2024-09-14 21:29:24 2024-09-15T02:29:22.913Z root INFO [hosted-plugin: 93841] PLUGIN_HOST(93841): initializing(vscode-language-pack-cs@1.80.0 with /nix/store/727spq9qngdsfihfa3g0nl8hi4sl1c8h-arduino-ide-2.3.2-extracted/resources/app/lib/backend/plugin-vscode-init)
2024-09-14 21:29:24 2024-09-15T02:29:22.913Z root INFO [hosted-plugin: 93841] PLUGIN_HOST(93841): initializing(vscode-language-pack-de@1.80.0 with /nix/store/727spq9qngdsfihfa3g0nl8hi4sl1c8h-arduino-ide-2.3.2-extracted/resources/app/lib/backend/plugin-vscode-init)
2024-09-14 21:29:24 2024-09-15T02:29:22.915Z root INFO [hosted-plugin: 93841] PLUGIN_HOST(93841): initializing(vscode-language-pack-es@1.80.0 with /nix/store/727spq9qngdsfihfa3g0nl8hi4sl1c8h-arduino-ide-2.3.2-extracted/resources/app/lib/backend/plugin-vscode-init)
2024-09-14 21:29:24 2024-09-15T02:29:22.915Z root INFO [hosted-plugin: 93841] PLUGIN_HOST(93841): initializing(vscode-language-pack-fr@1.80.0 with /nix/store/727spq9qngdsfihfa3g0nl8hi4sl1c8h-arduino-ide-2.3.2-extracted/resources/app/lib/backend/plugin-vscode-init)
2024-09-14 21:29:24 2024-09-15T02:29:22.916Z root INFO [hosted-plugin: 93841] PLUGIN_HOST(93841): initializing(vscode-language-pack-hu@1.48.3 with /nix/store/727spq9qngdsfihfa3g0nl8hi4sl1c8h-arduino-ide-2.3.2-extracted/resources/app/lib/backend/plugin-vscode-init)
2024-09-14 21:29:24 2024-09-15T02:29:22.916Z root INFO [hosted-plugin: 93841] PLUGIN_HOST(93841): initializing(vscode-language-pack-it@1.80.0 with /nix/store/727spq9qngdsfihfa3g0nl8hi4sl1c8h-arduino-ide-2.3.2-extracted/resources/app/lib/backend/plugin-vscode-init)
2024-09-14 21:29:24 2024-09-15T02:29:22.917Z root INFO [hosted-plugin: 93841] PLUGIN_HOST(93841): initializing(vscode-language-pack-ja@1.80.0 with /nix/store/727spq9qngdsfihfa3g0nl8hi4sl1c8h-arduino-ide-2.3.2-extracted/resources/app/lib/backend/plugin-vscode-init)
2024-09-14 21:29:24 2024-09-15T02:29:22.917Z root INFO [hosted-plugin: 93841] PLUGIN_HOST(93841): initializing(vscode-language-pack-ko@1.80.0 with /nix/store/727spq9qngdsfihfa3g0nl8hi4sl1c8h-arduino-ide-2.3.2-extracted/resources/app/lib/backend/plugin-vscode-init)
2024-09-14 21:29:24 2024-09-15T02:29:22.917Z root INFO [hosted-plugin: 93841] PLUGIN_HOST(93841): initializing(vscode-language-pack-nl@1.48.3 with /nix/store/727spq9qngdsfihfa3g0nl8hi4sl1c8h-arduino-ide-2.3.2-extracted/resources/app/lib/backend/plugin-vscode-init)
2024-09-14 21:29:24 2024-09-15T02:29:22.917Z root INFO [hosted-plugin: 93841] PLUGIN_HOST(93841): initializing(vscode-language-pack-pl@1.80.0 with /nix/store/727spq9qngdsfihfa3g0nl8hi4sl1c8h-arduino-ide-2.3.2-extracted/resources/app/lib/backend/plugin-vscode-init)
2024-09-14 21:29:24 2024-09-15T02:29:22.918Z root INFO [hosted-plugin: 93841] PLUGIN_HOST(93841): initializing(vscode-language-pack-pt-BR@1.80.0 with /nix/store/727spq9qngdsfihfa3g0nl8hi4sl1c8h-arduino-ide-2.3.2-extracted/resources/app/lib/backend/plugin-vscode-init)
2024-09-14 21:29:24 2024-09-15T02:29:22.918Z root INFO [hosted-plugin: 93841] PLUGIN_HOST(93841): initializing(vscode-language-pack-ru@1.80.0 with /nix/store/727spq9qngdsfihfa3g0nl8hi4sl1c8h-arduino-ide-2.3.2-extracted/resources/app/lib/backend/plugin-vscode-init)
2024-09-14 21:29:24 2024-09-15T02:29:22.918Z root INFO [hosted-plugin: 93841] PLUGIN_HOST(93841): initializing(vscode-language-pack-tr@1.80.0 with /nix/store/727spq9qngdsfihfa3g0nl8hi4sl1c8h-arduino-ide-2.3.2-extracted/resources/app/lib/backend/plugin-vscode-init)
2024-09-14 21:29:24 2024-09-15T02:29:22.918Z root INFO [hosted-plugin: 93841] PLUGIN_HOST(93841): initializing(vscode-language-pack-uk@1.48.3 with /nix/store/727spq9qngdsfihfa3g0nl8hi4sl1c8h-arduino-ide-2.3.2-extracted/resources/app/lib/backend/plugin-vscode-init)
2024-09-14 21:29:24 2024-09-15T02:29:22.919Z root INFO [hosted-plugin: 93841] PLUGIN_HOST(93841): initializing(vscode-language-pack-zh-hans@1.80.0 with /nix/store/727spq9qngdsfihfa3g0nl8hi4sl1c8h-arduino-ide-2.3.2-extracted/resources/app/lib/backend/plugin-vscode-init)
2024-09-14 21:29:24 2024-09-15T02:29:22.919Z root INFO [hosted-plugin: 93841] PLUGIN_HOST(93841): initializing(vscode-language-pack-zh-hant@1.80.0 with /nix/store/727spq9qngdsfihfa3g0nl8hi4sl1c8h-arduino-ide-2.3.2-extracted/resources/app/lib/backend/plugin-vscode-init)
2024-09-14 21:29:24 2024-09-15T02:29:22.980Z root INFO [hosted-plugin: 93841] PLUGIN_HOST(93841): PluginManagerExtImpl/loadPlugin(/nix/store/727spq9qngdsfihfa3g0nl8hi4sl1c8h-arduino-ide-2.3.2-extracted/resources/app/plugins/vscode-arduino-api/extension/dist/extension.js)
2024-09-14 21:29:24 2024-09-15T02:29:22.992Z root INFO [hosted-plugin: 93841] calling activation function on Arduino IDE API for VS Code extensions
2024-09-14 21:29:24 2024-09-15T02:29:22.995Z root INFO [hosted-plugin: 93841] PLUGIN_HOST(93841): PluginManagerExtImpl/loadPlugin(/nix/store/727spq9qngdsfihfa3g0nl8hi4sl1c8h-arduino-ide-2.3.2-extracted/resources/app/plugins/vscode-builtin-json-language-features/extension/client/dist/jsonMain)
2024-09-14 21:29:24 2024-09-15T02:29:23.023Z root INFO [hosted-plugin: 93841] calling activation function on JSON Language Features (built-in)
2024-09-14 21:29:24 2024-09-15T02:29:23.025Z root INFO [115fe44b-44b7-4eab-ad6a-8167bec6e7b2] Starting plugins.
2024-09-14 21:29:24 2024-09-15T02:29:23.043Z root INFO [hosted-plugin: 93841] PLUGIN_HOST(93841): PluginManagerExtImpl/loadPlugin(/nix/store/727spq9qngdsfihfa3g0nl8hi4sl1c8h-arduino-ide-2.3.2-extracted/resources/app/plugins/cortex-debug/extension/dist/extension.js)
2024-09-14 21:29:24 2024-09-15T02:29:23.070Z root INFO [hosted-plugin: 93841] Debug configuration provider has been registered: cortex-debug, trigger: 1
2024-09-14 21:29:24 2024-09-15T02:29:23.071Z root INFO [hosted-plugin: 93841] calling activation function on Cortex-Debug
2024-09-14 21:29:24 2024-09-15T02:29:23.073Z root INFO [hosted-plugin: 93841] GDB server console created
2024-09-14 21:29:24 2024-09-15T02:29:23.079Z root INFO [115fe44b-44b7-4eab-ad6a-8167bec6e7b2] Start of 23 plugins: 1089.0 ms [Finished 9.478 s after frontend start]
2024-09-14 21:29:24 2024-09-15T02:29:23.989Z daemon INFO time="2024-09-14T21:29:23-05:00" level=info msg="Starting download" url="http://downloads.arduino.cc/tools/avr-gcc-7.3.0-atmel3.6.1-arduino7-x86_64-pc-linux-gnu.tar.bz2"
2024-09-14 21:29:24 2024-09-15T02:29:24.150Z daemon INFO time="2024-09-14T21:29:24-05:00" level=info msg="Updating libraries index"
2024-09-14 21:29:24 2024-09-15T02:29:24.150Z daemon INFO time="2024-09-14T21:29:24-05:00" level=info msg="Updating index" url="https://downloads.arduino.cc/packages/package_index.tar.bz2"
2024-09-14 21:29:24 2024-09-15T02:29:24.150Z daemon INFO time="2024-09-14T21:29:24-05:00" level=info msg="Starting download" url="https://downloads.arduino.cc/packages/package_index.tar.bz2"
2024-09-14 21:29:24 2024-09-15T02:29:24.150Z daemon INFO time="2024-09-14T21:29:24-05:00" level=info msg="Starting download" url="https://downloads.arduino.cc/libraries/library_index.tar.bz2"
2024-09-14 21:29:24 2024-09-15T02:29:24.151Z root INFO core-client-provider [platform-index] Downloading index: package_index.tar.bz2

2024-09-14 21:29:24 2024-09-15T02:29:24.152Z root INFO core-client-provider [library-index] Downloading index: library_index.tar.bz2

2024-09-14 21:29:26 Checking for update
2024-09-14 21:29:27 2024-09-15T02:29:24.420Z root ERROR ---- !!!SLOW!!! DURATION: search took 299.641 ms. Args: [{"type":"Updatable"}] ----
2024-09-14 21:29:27 Generated new staging user ID: cb10289f-a20e-5173-ac09-5bcc679bf2b9
2024-09-14 21:29:28 2024-09-15T02:29:27.908Z daemon INFO time="2024-09-14T21:29:27-05:00" level=info msg="Checking signature" index=/home/javier/.arduino15/package_index.json signatureFile=/home/javier/.arduino15/package_index.json.sig trusted=true
2024-09-14 21:29:28 2024-09-15T02:29:27.909Z daemon INFO time="2024-09-14T21:29:27-05:00" level=info msg="Loading hardware from: /home/javier/.arduino15/packages"
2024-09-14 21:29:28 2024-09-15T02:29:27.909Z daemon INFO time="2024-09-14T21:29:27-05:00" level=info msg="Loading package builtin from: /home/javier/.arduino15/packages/builtin"
2024-09-14 21:29:28 2024-09-15T02:29:27.909Z daemon INFO time="2024-09-14T21:29:27-05:00" level=info msg="Checking existence of 'tools' path: /home/javier/.arduino15/packages/builtin/tools"
time="2024-09-14T21:29:27-05:00" level=info msg="Loading tools from dir: /home/javier/.arduino15/packages/builtin/tools"
2024-09-14 21:29:28 2024-09-15T02:29:27.909Z daemon INFO time="2024-09-14T21:29:27-05:00" level=info msg="Loaded tool" tool="builtin:ctags@5.8-arduino11"
2024-09-14 21:29:28 2024-09-15T02:29:27.909Z daemon INFO time="2024-09-14T21:29:27-05:00" level=info msg="Loaded tool" tool="builtin:dfu-discovery@0.1.2"
time="2024-09-14T21:29:27-05:00" level=info msg="Loaded tool" tool="builtin:mdns-discovery@1.0.9"
2024-09-14 21:29:28 2024-09-15T02:29:27.909Z daemon INFO time="2024-09-14T21:29:27-05:00" level=info msg="Loaded tool" tool="builtin:serial-discovery@1.4.1"
2024-09-14 21:29:28 2024-09-15T02:29:27.909Z daemon INFO time="2024-09-14T21:29:27-05:00" level=info msg="Loaded tool" tool="builtin:serial-monitor@0.14.1"
2024-09-14 21:29:30 Update for version 2.3.2 is not available (latest version: 2.3.2, downgrade is allowed).
2024-09-14 21:29:35 isTempSketch: true. Input was /tmp/.arduinoIDE-unsaved2024814-93663-itxru7.uf1o/sketch_sep14a
2024-09-14 21:29:35 Ignored marking workspace as a closed sketch. The sketch was detected as temporary. Workspace URI: file:///tmp/.arduinoIDE-unsaved2024814-93663-itxru7.uf1o/sketch_sep14a.
2024-09-14 21:29:37 isTempSketch: true. Input was /tmp/.arduinoIDE-unsaved2024814-93663-itxru7.uf1o/sketch_sep14a
2024-09-14 21:29:37 Ignored marking workspace as a closed sketch. The sketch was detected as temporary. Workspace URI: file:///tmp/.arduinoIDE-unsaved2024814-93663-itxru7.uf1o/sketch_sep14a.
2024-09-14 21:29:37 isTempSketch: true. Input was /tmp/.arduinoIDE-unsaved2024814-93663-itxru7.uf1o/sketch_sep14a
2024-09-14 21:29:37 Ignored marking workspace as a closed sketch. The sketch was detected as temporary. Workspace URI: file:///tmp/.arduinoIDE-unsaved2024814-93663-itxru7.uf1o/sketch_sep14a.
2024-09-14 21:29:39 2024-09-15T02:29:37.793Z daemon INFO time="2024-09-14T21:29:37-05:00" level=info msg="Starting download" url="http://downloads.arduino.cc/tools/avrdude-6.3.0-arduino17-x86_64-pc-linux-gnu.tar.bz2"
2024-09-14 21:29:39 2024-09-15T02:29:38.348Z daemon INFO time="2024-09-14T21:29:38-05:00" level=info msg="Starting download" url="http://downloads.arduino.cc/cores/staging/avr-1.8.6.tar.bz2"
2024-09-14 21:29:40 Closing channel on service path '/services/electron-window'.
2024-09-14 21:29:40 Closing channel on service path '/services/ide-updater'.
2024-09-14 21:29:41 Stored workspaces roots: 
2024-09-14 21:29:41 No sketches were scheduled for deletion.
2024-09-14 21:29:41 2024-09-15T02:29:40.818Z daemon INFO time="2024-09-14T21:29:40-05:00" level=info msg="Installing tool" Tool="arduino:arduinoOTA@1.3.0"
